Using pre-set license
Built from '2020.2/staging' branch; Version is '2020.2.6f1 (8a2143876886) revision 9052483'; Using compiler version '192528614'; Build Type 'Release'
OS: 'Windows 10 Home Single Language; OS build 19041.985; Version 2004; 64bit' Language: 'ru' Physical Memory: 16250 MB
BatchMode: 1, IsHumanControllingUs: 0, StartBugReporterOnCrash: 0, Is64bit: 1, IsPro: 0

 COMMAND LINE ARGUMENTS:
D:\Dev\UnityVers\2020.2.6f1\Editor\Unity.exe
-adb2
-batchMode
-noUpm
-name
AssetImportWorker0
-projectPath
D:/Dev/Unity/Projects/_Youtube/TutorialPaletteSwapping
-logFile
Logs/AssetImportWorker0.log
-srvPort
56138
Successfully changed project path to: D:/Dev/Unity/Projects/_Youtube/TutorialPaletteSwapping
D:/Dev/Unity/Projects/_Youtube/TutorialPaletteSwapping
Using Asset Import Pipeline V2.
Refreshing native plugins compatible for Editor in 73.99 ms, found 0 plugins.
Preloading 0 native plugins for Editor in 0.00 ms.
Initialize engine version: 2020.2.6f1 (8a2143876886)
[Subsystems] Discovering subsystems at path D:/Dev/UnityVers/2020.2.6f1/Editor/Data/Resources/UnitySubsystems
[Subsystems] Discovering subsystems at path D:/Dev/Unity/Projects/_Youtube/TutorialPaletteSwapping/Assets
GfxDevice: creating device client; threaded=0
Direct3D:
    Version:  Direct3D 11.0 [level 11.1]
    Renderer: NVIDIA GeForce GTX 1050 Ti (ID=0x1c8c)
    Vendor:   
    VRAM:     4019 MB
    Driver:   27.21.14.6627
Initialize mono
Mono path[0] = 'D:/Dev/UnityVers/2020.2.6f1/Editor/Data/Managed'
Mono path[1] = 'D:/Dev/UnityVers/2020.2.6f1/Editor/Data/MonoBleedingEdge/lib/mono/unityjit'
Mono config path = 'D:/Dev/UnityVers/2020.2.6f1/Editor/Data/MonoBleedingEdge/etc'
Using monoOptions --debugger-agent=transport=dt_socket,embedding=1,server=y,suspend=n,address=127.0.0.1:56340
Begin MonoManager ReloadAssembly
Registering precompiled unity dll's ...
Register platform support module: D:/Dev/UnityVers/2020.2.6f1/Editor/Data/PlaybackEngines/WindowsStandaloneSupport/UnityEditor.WindowsStandalone.Extensions.dll
Registered in 0.005153 seconds.
Native extension for WindowsStandalone target not found
Refreshing native plugins compatible for Editor in 68.35 ms, found 0 plugins.
Preloading 0 native plugins for Editor in 0.00 ms.
Invoked RoslynAnalysisRunner static constructor.
RoslynAnalysisRunner will not be running.
RoslynAnalysisRunner has terminated.
Mono: successfully reloaded assembly
- Completed reload, in  3.141 seconds
Platform modules already initialized, skipping
Registering precompiled user dll's ...
Registered in 0.002950 seconds.
Begin MonoManager ReloadAssembly
Native extension for WindowsStandalone target not found
Refreshing native plugins compatible for Editor in 62.08 ms, found 0 plugins.
Preloading 0 native plugins for Editor in 0.00 ms.
Invoked RoslynAnalysisRunner static constructor.
RoslynAnalysisRunner will not be running.
RoslynAnalysisRunner has terminated.
Mono: successfully reloaded assembly
- Completed reload, in  1.446 seconds
Platform modules already initialized, skipping
========================================================================
Worker process is ready to serve import requests
Shader 'Universal Render Pipeline/Particles/Lit': fallback shader 'Universal Render Pipeline/Particles/SimpleLit' not found
Shader 'Universal Render Pipeline/Particles/Lit': fallback shader 'Universal Render Pipeline/Particles/SimpleLit' not found
Launched and connected shader compiler UnityShaderCompiler.exe after 0.05 seconds
Refreshing native plugins compatible for Editor in 0.55 ms, found 0 plugins.
Preloading 0 native plugins for Editor in 0.00 ms.
Unloading 2421 Unused Serialized files (Serialized files now loaded: 0)
System memory in use before: 115.1 MB.
System memory in use after: 112.9 MB.

Unloading 43 unused Assets to reduce memory usage. Loaded Objects now: 2832.
Total: 4.739400 ms (FindLiveObjects: 0.434000 ms CreateObjectMapping: 0.277000 ms MarkObjects: 2.415400 ms  DeleteObjects: 1.611400 ms)

========================================================================
Received Import Request.
  path: Assets/Default/Settings
  artifactKey: Guid(0735c275001a2c84dafdb30deced5d8d) Importer(815301076,1909f56bfc062723c751e8b465ee728b)
Start importing Assets/Default/Settings using Guid(0735c275001a2c84dafdb30deced5d8d) Importer(815301076,1909f56bfc062723c751e8b465ee728b)  -> (artifact id: '9ba316f8eabfef632427e83662e0bc0b') in 0.040065 seconds
  Import took 0.046132 seconds .

========================================================================
Received Import Request.
  Time since last request: 7.528893 seconds.
  path: Assets/PaletteSwapping/PaletteSwap.cs
  artifactKey: Guid(f9f296b0f2f3e824183e07b241a2f0cb) Importer(815301076,1909f56bfc062723c751e8b465ee728b)
Start importing Assets/PaletteSwapping/PaletteSwap.cs using Guid(f9f296b0f2f3e824183e07b241a2f0cb) Importer(815301076,1909f56bfc062723c751e8b465ee728b)  -> (artifact id: '75db82a76c15601c7d3ebabb0cc0540d') in 0.058508 seconds
  Import took 0.064101 seconds .

========================================================================
Received Import Request.
  Time since last request: 0.028401 seconds.
  path: Assets/PaletteSwapping/PaletteSwap.cs
  artifactKey: Guid(f9f296b0f2f3e824183e07b241a2f0cb) Importer(815301076,1909f56bfc062723c751e8b465ee728b)
Start importing Assets/PaletteSwapping/PaletteSwap.cs using Guid(f9f296b0f2f3e824183e07b241a2f0cb) Importer(815301076,1909f56bfc062723c751e8b465ee728b)  -> (artifact id: '75db82a76c15601c7d3ebabb0cc0540d') in 0.003190 seconds
  Import took 0.008867 seconds .

========================================================================
Received Prepare
Registering precompiled user dll's ...
Registered in 0.003388 seconds.
Begin MonoManager ReloadAssembly
Native extension for WindowsStandalone target not found
Refreshing native plugins compatible for Editor in 0.48 ms, found 0 plugins.
Preloading 0 native plugins for Editor in 0.00 ms.
Invoked RoslynAnalysisRunner static constructor.
RoslynAnalysisRunner will not be running.
RoslynAnalysisRunner has terminated.
Mono: successfully reloaded assembly
- Completed reload, in  1.267 seconds
Platform modules already initialized, skipping
Shader 'Universal Render Pipeline/Particles/Lit': fallback shader 'Universal Render Pipeline/Particles/SimpleLit' not found
Shader 'Universal Render Pipeline/Particles/Lit': fallback shader 'Universal Render Pipeline/Particles/SimpleLit' not found
Refreshing native plugins compatible for Editor in 0.48 ms, found 0 plugins.
Preloading 0 native plugins for Editor in 0.00 ms.
Unloading 2342 Unused Serialized files (Serialized files now loaded: 0)
System memory in use before: 111.7 MB.
System memory in use after: 109.5 MB.

Unloading 38 unused Assets to reduce memory usage. Loaded Objects now: 2834.
Total: 4.393800 ms (FindLiveObjects: 0.528200 ms CreateObjectMapping: 0.321000 ms MarkObjects: 1.940500 ms  DeleteObjects: 1.602700 ms)

========================================================================
Received Prepare
Registering precompiled user dll's ...
Registered in 0.006002 seconds.
Begin MonoManager ReloadAssembly
Native extension for WindowsStandalone target not found
Refreshing native plugins compatible for Editor in 1.72 ms, found 0 plugins.
Preloading 0 native plugins for Editor in 0.00 ms.
Invoked RoslynAnalysisRunner static constructor.
RoslynAnalysisRunner will not be running.
RoslynAnalysisRunner has terminated.
Mono: successfully reloaded assembly
- Completed reload, in  5.871 seconds
Platform modules already initialized, skipping
Shader 'Universal Render Pipeline/Particles/Lit': fallback shader 'Universal Render Pipeline/Particles/SimpleLit' not found
Shader 'Universal Render Pipeline/Particles/Lit': fallback shader 'Universal Render Pipeline/Particles/SimpleLit' not found
Refreshing native plugins compatible for Editor in 1.08 ms, found 0 plugins.
Preloading 0 native plugins for Editor in 0.00 ms.
Unloading 2342 Unused Serialized files (Serialized files now loaded: 0)
System memory in use before: 111.8 MB.
System memory in use after: 109.6 MB.

Unloading 38 unused Assets to reduce memory usage. Loaded Objects now: 2836.
Total: 9.549600 ms (FindLiveObjects: 1.145900 ms CreateObjectMapping: 0.576300 ms MarkObjects: 5.402200 ms  DeleteObjects: 2.418700 ms)

========================================================================
Received Prepare
Shader 'Universal Render Pipeline/Particles/Lit': fallback shader 'Universal Render Pipeline/Particles/SimpleLit' not found
Shader 'Universal Render Pipeline/Particles/Lit': fallback shader 'Universal Render Pipeline/Particles/SimpleLit' not found
Refreshing native plugins compatible for Editor in 2.07 ms, found 0 plugins.
Preloading 0 native plugins for Editor in 0.00 ms.
Unloading 36 Unused Serialized files (Serialized files now loaded: 0)
System memory in use before: 66.3 MB.
System memory in use after: 64.0 MB.

Unloading 36 unused Assets to reduce memory usage. Loaded Objects now: 2836.
Total: 5.208500 ms (FindLiveObjects: 0.429500 ms CreateObjectMapping: 0.222600 ms MarkObjects: 2.411900 ms  DeleteObjects: 2.142700 ms)

